mode: count
github.com/ploi/terraform-provider-ploicloud/main.go:14.13,26.16 6 0
github.com/ploi/terraform-provider-ploicloud/main.go:26.16,28.3 1 0
github.com/ploi/terraform-provider-ploicloud/internal/provider/application_data_source.go:15.55,17.2 1 0
github.com/ploi/terraform-provider-ploicloud/internal/provider/application_data_source.go:35.130,37.2 1 0
github.com/ploi/terraform-provider-ploicloud/internal/provider/application_data_source.go:39.124,82.2 1 0
github.com/ploi/terraform-provider-ploicloud/internal/provider/application_data_source.go:84.133,85.29 1 0
github.com/ploi/terraform-provider-ploicloud/internal/provider/application_data_source.go:85.29,87.3 1 0
github.com/ploi/terraform-provider-ploicloud/internal/provider/application_data_source.go:89.2,90.9 2 0
github.com/ploi/terraform-provider-ploicloud/internal/provider/application_data_source.go:90.9,96.3 2 0
github.com/ploi/terraform-provider-ploicloud/internal/provider/application_data_source.go:98.2,98.19 1 0
github.com/ploi/terraform-provider-ploicloud/internal/provider/application_data_source.go:101.118,105.33 3 0
github.com/ploi/terraform-provider-ploicloud/internal/provider/application_data_source.go:105.33,107.3 1 0
github.com/ploi/terraform-provider-ploicloud/internal/provider/application_data_source.go:109.2,110.16 2 0
github.com/ploi/terraform-provider-ploicloud/internal/provider/application_data_source.go:110.16,113.3 2 0
github.com/ploi/terraform-provider-ploicloud/internal/provider/application_data_source.go:115.2,115.16 1 0
github.com/ploi/terraform-provider-ploicloud/internal/provider/application_data_source.go:115.16,118.3 2 0
github.com/ploi/terraform-provider-ploicloud/internal/provider/application_data_source.go:120.2,130.56 10 0
github.com/ploi/terraform-provider-ploicloud/internal/provider/application_resource.go:23.49,25.2 1 1
github.com/ploi/terraform-provider-ploicloud/internal/provider/application_resource.go:70.124,72.2 1 0
github.com/ploi/terraform-provider-ploicloud/internal/provider/application_resource.go:74.118,236.2 1 1
github.com/ploi/terraform-provider-ploicloud/internal/provider/application_resource.go:238.127,239.29 1 0
github.com/ploi/terraform-provider-ploicloud/internal/provider/application_resource.go:239.29,241.3 1 0
github.com/ploi/terraform-provider-ploicloud/internal/provider/application_resource.go:243.2,244.9 2 0
github.com/ploi/terraform-provider-ploicloud/internal/provider/application_resource.go:244.9,250.3 2 0
github.com/ploi/terraform-provider-ploicloud/internal/provider/application_resource.go:252.2,252.19 1 0
github.com/ploi/terraform-provider-ploicloud/internal/provider/application_resource.go:255.118,259.33 3 0
github.com/ploi/terraform-provider-ploicloud/internal/provider/application_resource.go:259.33,261.3 1 0
github.com/ploi/terraform-provider-ploicloud/internal/provider/application_resource.go:263.2,266.16 3 0
github.com/ploi/terraform-provider-ploicloud/internal/provider/application_resource.go:266.16,269.3 2 0
github.com/ploi/terraform-provider-ploicloud/internal/provider/application_resource.go:271.2,274.29 2 0
github.com/ploi/terraform-provider-ploicloud/internal/provider/application_resource.go:274.29,276.17 2 0
github.com/ploi/terraform-provider-ploicloud/internal/provider/application_resource.go:276.17,279.4 1 0
github.com/ploi/terraform-provider-ploicloud/internal/provider/application_resource.go:282.3,283.37 2 0
github.com/ploi/terraform-provider-ploicloud/internal/provider/application_resource.go:283.37,285.4 1 0
github.com/ploi/terraform-provider-ploicloud/internal/provider/application_resource.go:288.2,288.56 1 0
github.com/ploi/terraform-provider-ploicloud/internal/provider/application_resource.go:291.112,295.33 3 0
github.com/ploi/terraform-provider-ploicloud/internal/provider/application_resource.go:295.33,297.3 1 0
github.com/ploi/terraform-provider-ploicloud/internal/provider/application_resource.go:299.2,300.16 2 0
github.com/ploi/terraform-provider-ploicloud/internal/provider/application_resource.go:300.16,303.3 2 0
github.com/ploi/terraform-provider-ploicloud/internal/provider/application_resource.go:305.2,305.16 1 0
github.com/ploi/terraform-provider-ploicloud/internal/provider/application_resource.go:305.16,308.3 2 0
github.com/ploi/terraform-provider-ploicloud/internal/provider/application_resource.go:310.2,312.56 2 0
github.com/ploi/terraform-provider-ploicloud/internal/provider/application_resource.go:315.118,320.33 4 0
github.com/ploi/terraform-provider-ploicloud/internal/provider/application_resource.go:320.33,322.3 1 0
github.com/ploi/terraform-provider-ploicloud/internal/provider/application_resource.go:324.2,325.33 2 0
github.com/ploi/terraform-provider-ploicloud/internal/provider/application_resource.go:325.33,327.3 1 0
github.com/ploi/terraform-provider-ploicloud/internal/provider/application_resource.go:330.2,333.16 3 0
github.com/ploi/terraform-provider-ploicloud/internal/provider/application_resource.go:333.16,336.3 2 0
github.com/ploi/terraform-provider-ploicloud/internal/provider/application_resource.go:338.2,341.29 2 0
github.com/ploi/terraform-provider-ploicloud/internal/provider/application_resource.go:341.29,343.17 2 0
github.com/ploi/terraform-provider-ploicloud/internal/provider/application_resource.go:343.17,346.4 1 0
github.com/ploi/terraform-provider-ploicloud/internal/provider/application_resource.go:349.3,350.37 2 0
github.com/ploi/terraform-provider-ploicloud/internal/provider/application_resource.go:350.37,352.4 1 0
github.com/ploi/terraform-provider-ploicloud/internal/provider/application_resource.go:355.2,355.56 1 0
github.com/ploi/terraform-provider-ploicloud/internal/provider/application_resource.go:358.118,362.33 3 0
github.com/ploi/terraform-provider-ploicloud/internal/provider/application_resource.go:362.33,364.3 1 0
github.com/ploi/terraform-provider-ploicloud/internal/provider/application_resource.go:366.2,367.16 2 0
github.com/ploi/terraform-provider-ploicloud/internal/provider/application_resource.go:367.16,370.3 2 0
github.com/ploi/terraform-provider-ploicloud/internal/provider/application_resource.go:373.133,375.16 2 0
github.com/ploi/terraform-provider-ploicloud/internal/provider/application_resource.go:375.16,378.3 2 0
github.com/ploi/terraform-provider-ploicloud/internal/provider/application_resource.go:380.2,380.79 1 0
github.com/ploi/terraform-provider-ploicloud/internal/provider/application_resource.go:383.94,397.23 2 23
github.com/ploi/terraform-provider-ploicloud/internal/provider/application_resource.go:397.23,399.3 1 13
github.com/ploi/terraform-provider-ploicloud/internal/provider/application_resource.go:401.2,401.36 1 23
github.com/ploi/terraform-provider-ploicloud/internal/provider/application_resource.go:401.36,403.3 1 0
github.com/ploi/terraform-provider-ploicloud/internal/provider/application_resource.go:405.2,405.25 1 23
github.com/ploi/terraform-provider-ploicloud/internal/provider/application_resource.go:405.25,406.40 1 3
github.com/ploi/terraform-provider-ploicloud/internal/provider/application_resource.go:406.40,408.4 1 2
github.com/ploi/terraform-provider-ploicloud/internal/provider/application_resource.go:409.3,409.43 1 3
github.com/ploi/terraform-provider-ploicloud/internal/provider/application_resource.go:409.43,411.4 1 1
github.com/ploi/terraform-provider-ploicloud/internal/provider/application_resource.go:414.2,414.26 1 23
github.com/ploi/terraform-provider-ploicloud/internal/provider/application_resource.go:414.26,415.46 1 4
github.com/ploi/terraform-provider-ploicloud/internal/provider/application_resource.go:415.46,417.4 1 1
github.com/ploi/terraform-provider-ploicloud/internal/provider/application_resource.go:418.3,418.47 1 4
github.com/ploi/terraform-provider-ploicloud/internal/provider/application_resource.go:418.47,420.4 1 1
github.com/ploi/terraform-provider-ploicloud/internal/provider/application_resource.go:421.3,421.39 1 4
github.com/ploi/terraform-provider-ploicloud/internal/provider/application_resource.go:421.39,423.4 1 4
github.com/ploi/terraform-provider-ploicloud/internal/provider/application_resource.go:424.3,424.41 1 4
github.com/ploi/terraform-provider-ploicloud/internal/provider/application_resource.go:424.41,426.4 1 1
github.com/ploi/terraform-provider-ploicloud/internal/provider/application_resource.go:427.3,427.44 1 4
github.com/ploi/terraform-provider-ploicloud/internal/provider/application_resource.go:427.44,429.4 1 4
github.com/ploi/terraform-provider-ploicloud/internal/provider/application_resource.go:432.2,432.34 1 23
github.com/ploi/terraform-provider-ploicloud/internal/provider/application_resource.go:432.34,435.33 3 2
github.com/ploi/terraform-provider-ploicloud/internal/provider/application_resource.go:435.33,437.4 1 3
github.com/ploi/terraform-provider-ploicloud/internal/provider/application_resource.go:440.2,440.33 1 23
github.com/ploi/terraform-provider-ploicloud/internal/provider/application_resource.go:440.33,443.33 3 1
github.com/ploi/terraform-provider-ploicloud/internal/provider/application_resource.go:443.33,445.4 1 1
github.com/ploi/terraform-provider-ploicloud/internal/provider/application_resource.go:448.2,448.74 1 23
github.com/ploi/terraform-provider-ploicloud/internal/provider/application_resource.go:448.74,450.3 1 11
github.com/ploi/terraform-provider-ploicloud/internal/provider/application_resource.go:452.2,452.34 1 23
github.com/ploi/terraform-provider-ploicloud/internal/provider/application_resource.go:452.34,455.33 3 0
github.com/ploi/terraform-provider-ploicloud/internal/provider/application_resource.go:455.33,457.4 1 0
github.com/ploi/terraform-provider-ploicloud/internal/provider/application_resource.go:460.2,460.32 1 23
github.com/ploi/terraform-provider-ploicloud/internal/provider/application_resource.go:460.32,463.33 3 0
github.com/ploi/terraform-provider-ploicloud/internal/provider/application_resource.go:463.33,465.4 1 0
github.com/ploi/terraform-provider-ploicloud/internal/provider/application_resource.go:468.2,468.38 1 23
github.com/ploi/terraform-provider-ploicloud/internal/provider/application_resource.go:468.38,471.33 3 5
github.com/ploi/terraform-provider-ploicloud/internal/provider/application_resource.go:471.33,475.4 1 7
github.com/ploi/terraform-provider-ploicloud/internal/provider/application_resource.go:478.2,478.12 1 23
github.com/ploi/terraform-provider-ploicloud/internal/provider/application_resource.go:481.103,485.74 2 19
github.com/ploi/terraform-provider-ploicloud/internal/provider/application_resource.go:485.74,487.3 1 5
github.com/ploi/terraform-provider-ploicloud/internal/provider/application_resource.go:490.2,490.25 1 19
github.com/ploi/terraform-provider-ploicloud/internal/provider/application_resource.go:490.25,491.93 1 8
github.com/ploi/terraform-provider-ploicloud/internal/provider/application_resource.go:491.93,493.4 1 6
github.com/ploi/terraform-provider-ploicloud/internal/provider/application_resource.go:494.3,494.87 1 8
github.com/ploi/terraform-provider-ploicloud/internal/provider/application_resource.go:494.87,496.4 1 2
github.com/ploi/terraform-provider-ploicloud/internal/provider/application_resource.go:500.2,500.26 1 19
github.com/ploi/terraform-provider-ploicloud/internal/provider/application_resource.go:500.26,501.46 1 6
github.com/ploi/terraform-provider-ploicloud/internal/provider/application_resource.go:501.46,503.4 1 3
github.com/ploi/terraform-provider-ploicloud/internal/provider/application_resource.go:504.3,504.47 1 6
github.com/ploi/terraform-provider-ploicloud/internal/provider/application_resource.go:504.47,506.4 1 3
github.com/ploi/terraform-provider-ploicloud/internal/provider/application_resource.go:507.3,507.39 1 6
github.com/ploi/terraform-provider-ploicloud/internal/provider/application_resource.go:507.39,509.4 1 4
github.com/ploi/terraform-provider-ploicloud/internal/provider/application_resource.go:510.3,510.41 1 6
github.com/ploi/terraform-provider-ploicloud/internal/provider/application_resource.go:510.41,512.4 1 3
github.com/ploi/terraform-provider-ploicloud/internal/provider/application_resource.go:513.3,513.44 1 6
github.com/ploi/terraform-provider-ploicloud/internal/provider/application_resource.go:513.44,515.4 1 5
github.com/ploi/terraform-provider-ploicloud/internal/provider/application_resource.go:519.2,519.34 1 19
github.com/ploi/terraform-provider-ploicloud/internal/provider/application_resource.go:519.34,523.33 4 2
github.com/ploi/terraform-provider-ploicloud/internal/provider/application_resource.go:523.33,525.4 1 3
github.com/ploi/terraform-provider-ploicloud/internal/provider/application_resource.go:526.3,526.24 1 2
github.com/ploi/terraform-provider-ploicloud/internal/provider/application_resource.go:526.24,528.4 1 2
github.com/ploi/terraform-provider-ploicloud/internal/provider/application_resource.go:531.2,531.33 1 19
github.com/ploi/terraform-provider-ploicloud/internal/provider/application_resource.go:531.33,535.33 4 2
github.com/ploi/terraform-provider-ploicloud/internal/provider/application_resource.go:535.33,537.4 1 2
github.com/ploi/terraform-provider-ploicloud/internal/provider/application_resource.go:538.3,538.24 1 2
github.com/ploi/terraform-provider-ploicloud/internal/provider/application_resource.go:538.24,540.4 1 2
github.com/ploi/terraform-provider-ploicloud/internal/provider/application_resource.go:544.2,544.34 1 19
github.com/ploi/terraform-provider-ploicloud/internal/provider/application_resource.go:544.34,548.33 4 1
github.com/ploi/terraform-provider-ploicloud/internal/provider/application_resource.go:548.33,550.4 1 2
github.com/ploi/terraform-provider-ploicloud/internal/provider/application_resource.go:551.3,551.26 1 1
github.com/ploi/terraform-provider-ploicloud/internal/provider/application_resource.go:551.26,553.4 1 1
github.com/ploi/terraform-provider-ploicloud/internal/provider/application_resource.go:556.2,556.32 1 19
github.com/ploi/terraform-provider-ploicloud/internal/provider/application_resource.go:556.32,560.33 4 1
github.com/ploi/terraform-provider-ploicloud/internal/provider/application_resource.go:560.33,562.4 1 1
github.com/ploi/terraform-provider-ploicloud/internal/provider/application_resource.go:563.3,563.24 1 1
github.com/ploi/terraform-provider-ploicloud/internal/provider/application_resource.go:563.24,565.4 1 1
github.com/ploi/terraform-provider-ploicloud/internal/provider/application_resource.go:569.2,569.38 1 19
github.com/ploi/terraform-provider-ploicloud/internal/provider/application_resource.go:569.38,573.33 4 3
github.com/ploi/terraform-provider-ploicloud/internal/provider/application_resource.go:573.33,575.4 1 4
github.com/ploi/terraform-provider-ploicloud/internal/provider/application_resource.go:576.3,576.23 1 3
github.com/ploi/terraform-provider-ploicloud/internal/provider/application_resource.go:576.23,578.4 1 2
github.com/ploi/terraform-provider-ploicloud/internal/provider/application_resource.go:582.2,582.25 1 19
github.com/ploi/terraform-provider-ploicloud/internal/provider/application_resource.go:582.25,584.3 1 5
github.com/ploi/terraform-provider-ploicloud/internal/provider/application_resource.go:586.2,586.36 1 19
github.com/ploi/terraform-provider-ploicloud/internal/provider/application_resource.go:586.36,588.3 1 1
github.com/ploi/terraform-provider-ploicloud/internal/provider/application_resource.go:590.2,590.15 1 19
github.com/ploi/terraform-provider-ploicloud/internal/provider/application_resource.go:593.101,599.71 4 23
github.com/ploi/terraform-provider-ploicloud/internal/provider/application_resource.go:599.71,601.3 1 0
github.com/ploi/terraform-provider-ploicloud/internal/provider/application_resource.go:603.2,608.65 4 23
github.com/ploi/terraform-provider-ploicloud/internal/provider/application_resource.go:608.65,610.3 1 0
github.com/ploi/terraform-provider-ploicloud/internal/provider/application_resource.go:613.2,613.29 1 23
github.com/ploi/terraform-provider-ploicloud/internal/provider/application_resource.go:613.29,615.3 1 0
github.com/ploi/terraform-provider-ploicloud/internal/provider/application_resource.go:616.2,616.31 1 23
github.com/ploi/terraform-provider-ploicloud/internal/provider/application_resource.go:616.31,618.3 1 0
github.com/ploi/terraform-provider-ploicloud/internal/provider/application_resource.go:619.2,619.30 1 23
github.com/ploi/terraform-provider-ploicloud/internal/provider/application_resource.go:619.30,621.3 1 0
github.com/ploi/terraform-provider-ploicloud/internal/provider/application_resource.go:622.2,622.29 1 23
github.com/ploi/terraform-provider-ploicloud/internal/provider/application_resource.go:622.29,624.3 1 0
github.com/ploi/terraform-provider-ploicloud/internal/provider/application_resource.go:625.2,625.22 1 23
github.com/ploi/terraform-provider-ploicloud/internal/provider/application_resource.go:625.22,627.3 1 0
github.com/ploi/terraform-provider-ploicloud/internal/provider/application_resource.go:632.2,632.30 1 23
github.com/ploi/terraform-provider-ploicloud/internal/provider/application_resource.go:632.30,634.3 1 0
github.com/ploi/terraform-provider-ploicloud/internal/provider/application_resource.go:636.2,636.25 1 23
github.com/ploi/terraform-provider-ploicloud/internal/provider/application_resource.go:636.25,638.3 1 15
github.com/ploi/terraform-provider-ploicloud/internal/provider/application_resource.go:641.2,641.48 1 23
github.com/ploi/terraform-provider-ploicloud/internal/provider/application_resource.go:641.48,643.27 1 9
github.com/ploi/terraform-provider-ploicloud/internal/provider/application_resource.go:643.27,645.4 1 1
github.com/ploi/terraform-provider-ploicloud/internal/provider/application_resource.go:645.9,645.46 1 8
github.com/ploi/terraform-provider-ploicloud/internal/provider/application_resource.go:645.46,647.4 1 8
github.com/ploi/terraform-provider-ploicloud/internal/provider/application_resource.go:649.3,649.50 1 9
github.com/ploi/terraform-provider-ploicloud/internal/provider/application_resource.go:650.8,650.33 1 14
github.com/ploi/terraform-provider-ploicloud/internal/provider/application_resource.go:650.33,652.30 1 12
github.com/ploi/terraform-provider-ploicloud/internal/provider/application_resource.go:652.30,654.4 1 5
github.com/ploi/terraform-provider-ploicloud/internal/provider/application_resource.go:654.9,654.49 1 7
github.com/ploi/terraform-provider-ploicloud/internal/provider/application_resource.go:654.49,657.4 1 6
github.com/ploi/terraform-provider-ploicloud/internal/provider/application_resource.go:660.3,660.47 1 12
github.com/ploi/terraform-provider-ploicloud/internal/provider/application_resource.go:663.2,663.26 1 23
github.com/ploi/terraform-provider-ploicloud/internal/provider/application_resource.go:663.26,665.3 1 15
github.com/ploi/terraform-provider-ploicloud/internal/provider/application_resource.go:668.2,668.31 1 23
github.com/ploi/terraform-provider-ploicloud/internal/provider/application_resource.go:668.31,670.3 1 3
github.com/ploi/terraform-provider-ploicloud/internal/provider/application_resource.go:670.8,670.51 1 20
github.com/ploi/terraform-provider-ploicloud/internal/provider/application_resource.go:670.51,672.3 1 20
github.com/ploi/terraform-provider-ploicloud/internal/provider/application_resource.go:675.2,677.23 2 23
github.com/ploi/terraform-provider-ploicloud/internal/provider/application_resource.go:677.23,679.3 1 3
github.com/ploi/terraform-provider-ploicloud/internal/provider/application_resource.go:679.8,679.44 1 20
github.com/ploi/terraform-provider-ploicloud/internal/provider/application_resource.go:679.44,681.3 1 20
github.com/ploi/terraform-provider-ploicloud/internal/provider/application_resource.go:683.2,683.26 1 23
github.com/ploi/terraform-provider-ploicloud/internal/provider/application_resource.go:683.26,685.3 1 2
github.com/ploi/terraform-provider-ploicloud/internal/provider/application_resource.go:685.8,685.46 1 21
github.com/ploi/terraform-provider-ploicloud/internal/provider/application_resource.go:685.46,687.3 1 21
github.com/ploi/terraform-provider-ploicloud/internal/provider/application_resource.go:690.2,690.29 1 23
github.com/ploi/terraform-provider-ploicloud/internal/provider/application_resource.go:690.29,692.3 1 7
github.com/ploi/terraform-provider-ploicloud/internal/provider/application_resource.go:692.8,692.49 1 16
github.com/ploi/terraform-provider-ploicloud/internal/provider/application_resource.go:692.49,694.3 1 16
github.com/ploi/terraform-provider-ploicloud/internal/provider/application_resource.go:699.2,699.32 1 23
github.com/ploi/terraform-provider-ploicloud/internal/provider/application_resource.go:699.32,701.41 2 0
github.com/ploi/terraform-provider-ploicloud/internal/provider/application_resource.go:701.41,703.4 1 0
github.com/ploi/terraform-provider-ploicloud/internal/provider/application_resource.go:704.3,704.96 1 0
github.com/ploi/terraform-provider-ploicloud/internal/provider/application_resource.go:705.8,705.40 1 23
github.com/ploi/terraform-provider-ploicloud/internal/provider/application_resource.go:705.40,707.3 1 23
github.com/ploi/terraform-provider-ploicloud/internal/provider/application_resource.go:710.2,710.31 1 23
github.com/ploi/terraform-provider-ploicloud/internal/provider/application_resource.go:710.31,712.40 2 0
github.com/ploi/terraform-provider-ploicloud/internal/provider/application_resource.go:712.40,714.4 1 0
github.com/ploi/terraform-provider-ploicloud/internal/provider/application_resource.go:715.3,715.95 1 0
github.com/ploi/terraform-provider-ploicloud/internal/provider/application_resource.go:716.8,716.39 1 23
github.com/ploi/terraform-provider-ploicloud/internal/provider/application_resource.go:716.39,718.3 1 23
github.com/ploi/terraform-provider-ploicloud/internal/provider/application_resource.go:721.2,721.28 1 23
github.com/ploi/terraform-provider-ploicloud/internal/provider/application_resource.go:721.28,723.3 1 7
github.com/ploi/terraform-provider-ploicloud/internal/provider/application_resource.go:723.8,723.39 1 16
github.com/ploi/terraform-provider-ploicloud/internal/provider/application_resource.go:723.39,725.3 1 14
github.com/ploi/terraform-provider-ploicloud/internal/provider/application_resource.go:729.2,729.32 1 23
github.com/ploi/terraform-provider-ploicloud/internal/provider/application_resource.go:729.32,731.41 2 0
github.com/ploi/terraform-provider-ploicloud/internal/provider/application_resource.go:731.41,733.4 1 0
github.com/ploi/terraform-provider-ploicloud/internal/provider/application_resource.go:734.3,734.96 1 0
github.com/ploi/terraform-provider-ploicloud/internal/provider/application_resource.go:735.8,735.40 1 23
github.com/ploi/terraform-provider-ploicloud/internal/provider/application_resource.go:735.40,737.3 1 23
github.com/ploi/terraform-provider-ploicloud/internal/provider/application_resource.go:740.2,740.30 1 23
github.com/ploi/terraform-provider-ploicloud/internal/provider/application_resource.go:740.30,742.43 2 0
github.com/ploi/terraform-provider-ploicloud/internal/provider/application_resource.go:742.43,744.4 1 0
github.com/ploi/terraform-provider-ploicloud/internal/provider/application_resource.go:745.3,745.94 1 0
github.com/ploi/terraform-provider-ploicloud/internal/provider/application_resource.go:746.8,746.38 1 23
github.com/ploi/terraform-provider-ploicloud/internal/provider/application_resource.go:746.38,748.3 1 23
github.com/ploi/terraform-provider-ploicloud/internal/provider/application_resource.go:751.2,751.26 1 23
github.com/ploi/terraform-provider-ploicloud/internal/provider/application_resource.go:751.26,753.38 2 3
github.com/ploi/terraform-provider-ploicloud/internal/provider/application_resource.go:753.38,755.4 1 5
github.com/ploi/terraform-provider-ploicloud/internal/provider/application_resource.go:756.3,756.100 1 3
github.com/ploi/terraform-provider-ploicloud/internal/provider/application_resource.go:757.8,757.44 1 20
github.com/ploi/terraform-provider-ploicloud/internal/provider/application_resource.go:757.44,759.3 1 20
github.com/ploi/terraform-provider-ploicloud/internal/provider/domain_resource.go:19.44,21.2 1 0
github.com/ploi/terraform-provider-ploicloud/internal/provider/domain_resource.go:34.119,36.2 1 0
github.com/ploi/terraform-provider-ploicloud/internal/provider/domain_resource.go:38.113,61.2 1 0
github.com/ploi/terraform-provider-ploicloud/internal/provider/domain_resource.go:63.122,64.29 1 0
github.com/ploi/terraform-provider-ploicloud/internal/provider/domain_resource.go:64.29,66.3 1 0
github.com/ploi/terraform-provider-ploicloud/internal/provider/domain_resource.go:68.2,69.9 2 0
github.com/ploi/terraform-provider-ploicloud/internal/provider/domain_resource.go:69.9,75.3 2 0
github.com/ploi/terraform-provider-ploicloud/internal/provider/domain_resource.go:77.2,77.19 1 0
github.com/ploi/terraform-provider-ploicloud/internal/provider/domain_resource.go:80.113,84.33 3 0
github.com/ploi/terraform-provider-ploicloud/internal/provider/domain_resource.go:84.33,86.3 1 0
github.com/ploi/terraform-provider-ploicloud/internal/provider/domain_resource.go:88.2,91.16 3 0
github.com/ploi/terraform-provider-ploicloud/internal/provider/domain_resource.go:91.16,94.3 2 0
github.com/ploi/terraform-provider-ploicloud/internal/provider/domain_resource.go:96.2,98.56 2 0
github.com/ploi/terraform-provider-ploicloud/internal/provider/domain_resource.go:101.107,105.33 3 0
github.com/ploi/terraform-provider-ploicloud/internal/provider/domain_resource.go:105.33,107.3 1 0
github.com/ploi/terraform-provider-ploicloud/internal/provider/domain_resource.go:109.2,110.16 2 0
github.com/ploi/terraform-provider-ploicloud/internal/provider/domain_resource.go:110.16,113.3 2 0
github.com/ploi/terraform-provider-ploicloud/internal/provider/domain_resource.go:115.2,115.19 1 0
github.com/ploi/terraform-provider-ploicloud/internal/provider/domain_resource.go:115.19,118.3 2 0
github.com/ploi/terraform-provider-ploicloud/internal/provider/domain_resource.go:120.2,122.56 2 0
github.com/ploi/terraform-provider-ploicloud/internal/provider/domain_resource.go:125.113,129.33 3 0
github.com/ploi/terraform-provider-ploicloud/internal/provider/domain_resource.go:129.33,131.3 1 0
github.com/ploi/terraform-provider-ploicloud/internal/provider/domain_resource.go:133.2,133.105 1 0
github.com/ploi/terraform-provider-ploicloud/internal/provider/domain_resource.go:136.113,140.33 3 0
github.com/ploi/terraform-provider-ploicloud/internal/provider/domain_resource.go:140.33,142.3 1 0
github.com/ploi/terraform-provider-ploicloud/internal/provider/domain_resource.go:144.2,145.16 2 0
github.com/ploi/terraform-provider-ploicloud/internal/provider/domain_resource.go:145.16,148.3 2 0
github.com/ploi/terraform-provider-ploicloud/internal/provider/domain_resource.go:151.128,153.21 2 0
github.com/ploi/terraform-provider-ploicloud/internal/provider/domain_resource.go:153.21,156.3 2 0
github.com/ploi/terraform-provider-ploicloud/internal/provider/domain_resource.go:158.2,159.16 2 0
github.com/ploi/terraform-provider-ploicloud/internal/provider/domain_resource.go:159.16,162.3 2 0
github.com/ploi/terraform-provider-ploicloud/internal/provider/domain_resource.go:164.2,165.16 2 0
github.com/ploi/terraform-provider-ploicloud/internal/provider/domain_resource.go:165.16,168.3 2 0
github.com/ploi/terraform-provider-ploicloud/internal/provider/domain_resource.go:170.2,171.85 2 0
github.com/ploi/terraform-provider-ploicloud/internal/provider/domain_resource.go:174.90,180.23 2 0
github.com/ploi/terraform-provider-ploicloud/internal/provider/domain_resource.go:180.23,182.3 1 0
github.com/ploi/terraform-provider-ploicloud/internal/provider/domain_resource.go:184.2,184.15 1 0
github.com/ploi/terraform-provider-ploicloud/internal/provider/domain_resource.go:187.100,192.2 4 0
github.com/ploi/terraform-provider-ploicloud/internal/provider/provider.go:26.122,29.2 2 0
github.com/ploi/terraform-provider-ploicloud/internal/provider/provider.go:31.116,46.2 1 0
github.com/ploi/terraform-provider-ploicloud/internal/provider/provider.go:48.125,52.33 3 0
github.com/ploi/terraform-provider-ploicloud/internal/provider/provider.go:52.33,54.3 1 0
github.com/ploi/terraform-provider-ploicloud/internal/provider/provider.go:56.2,57.31 2 0
github.com/ploi/terraform-provider-ploicloud/internal/provider/provider.go:57.31,59.3 1 0
github.com/ploi/terraform-provider-ploicloud/internal/provider/provider.go:61.2,61.20 1 0
github.com/ploi/terraform-provider-ploicloud/internal/provider/provider.go:61.20,69.3 2 0
github.com/ploi/terraform-provider-ploicloud/internal/provider/provider.go:71.2,76.28 4 0
github.com/ploi/terraform-provider-ploicloud/internal/provider/provider.go:79.87,88.2 1 0
github.com/ploi/terraform-provider-ploicloud/internal/provider/provider.go:90.93,95.2 1 0
github.com/ploi/terraform-provider-ploicloud/internal/provider/provider.go:97.51,98.34 1 1
github.com/ploi/terraform-provider-ploicloud/internal/provider/provider.go:98.34,102.3 1 1
github.com/ploi/terraform-provider-ploicloud/internal/provider/secret_resource.go:19.44,21.2 1 0
github.com/ploi/terraform-provider-ploicloud/internal/provider/secret_resource.go:33.119,35.2 1 0
github.com/ploi/terraform-provider-ploicloud/internal/provider/secret_resource.go:37.113,57.2 1 0
github.com/ploi/terraform-provider-ploicloud/internal/provider/secret_resource.go:59.122,60.29 1 0
github.com/ploi/terraform-provider-ploicloud/internal/provider/secret_resource.go:60.29,62.3 1 0
github.com/ploi/terraform-provider-ploicloud/internal/provider/secret_resource.go:64.2,65.9 2 0
github.com/ploi/terraform-provider-ploicloud/internal/provider/secret_resource.go:65.9,71.3 2 0
github.com/ploi/terraform-provider-ploicloud/internal/provider/secret_resource.go:73.2,73.19 1 0
github.com/ploi/terraform-provider-ploicloud/internal/provider/secret_resource.go:76.113,80.33 3 0
github.com/ploi/terraform-provider-ploicloud/internal/provider/secret_resource.go:80.33,82.3 1 0
github.com/ploi/terraform-provider-ploicloud/internal/provider/secret_resource.go:84.2,88.16 3 0
github.com/ploi/terraform-provider-ploicloud/internal/provider/secret_resource.go:88.16,90.54 1 0
github.com/ploi/terraform-provider-ploicloud/internal/provider/secret_resource.go:90.54,92.24 2 0
github.com/ploi/terraform-provider-ploicloud/internal/provider/secret_resource.go:92.24,95.5 2 0
github.com/ploi/terraform-provider-ploicloud/internal/provider/secret_resource.go:96.4,96.34 1 0
github.com/ploi/terraform-provider-ploicloud/internal/provider/secret_resource.go:97.9,100.4 2 0
github.com/ploi/terraform-provider-ploicloud/internal/provider/secret_resource.go:101.8,103.3 1 0
github.com/ploi/terraform-provider-ploicloud/internal/provider/secret_resource.go:105.2,105.56 1 0
github.com/ploi/terraform-provider-ploicloud/internal/provider/secret_resource.go:108.107,112.33 3 0
github.com/ploi/terraform-provider-ploicloud/internal/provider/secret_resource.go:112.33,114.3 1 0
github.com/ploi/terraform-provider-ploicloud/internal/provider/secret_resource.go:116.2,117.16 2 0
github.com/ploi/terraform-provider-ploicloud/internal/provider/secret_resource.go:117.16,120.3 2 0
github.com/ploi/terraform-provider-ploicloud/internal/provider/secret_resource.go:122.2,122.19 1 0
github.com/ploi/terraform-provider-ploicloud/internal/provider/secret_resource.go:122.19,125.3 2 0
github.com/ploi/terraform-provider-ploicloud/internal/provider/secret_resource.go:127.2,129.56 2 0
github.com/ploi/terraform-provider-ploicloud/internal/provider/secret_resource.go:132.113,136.33 3 0
github.com/ploi/terraform-provider-ploicloud/internal/provider/secret_resource.go:136.33,138.3 1 0
github.com/ploi/terraform-provider-ploicloud/internal/provider/secret_resource.go:140.2,143.16 3 0
github.com/ploi/terraform-provider-ploicloud/internal/provider/secret_resource.go:143.16,146.3 2 0
github.com/ploi/terraform-provider-ploicloud/internal/provider/secret_resource.go:148.2,150.56 2 0
github.com/ploi/terraform-provider-ploicloud/internal/provider/secret_resource.go:153.113,157.33 3 0
github.com/ploi/terraform-provider-ploicloud/internal/provider/secret_resource.go:157.33,159.3 1 0
github.com/ploi/terraform-provider-ploicloud/internal/provider/secret_resource.go:161.2,162.16 2 0
github.com/ploi/terraform-provider-ploicloud/internal/provider/secret_resource.go:162.16,165.3 2 0
github.com/ploi/terraform-provider-ploicloud/internal/provider/secret_resource.go:168.128,170.21 2 0
github.com/ploi/terraform-provider-ploicloud/internal/provider/secret_resource.go:170.21,173.3 2 0
github.com/ploi/terraform-provider-ploicloud/internal/provider/secret_resource.go:175.2,176.16 2 0
github.com/ploi/terraform-provider-ploicloud/internal/provider/secret_resource.go:176.16,179.3 2 0
github.com/ploi/terraform-provider-ploicloud/internal/provider/secret_resource.go:181.2,184.87 3 0
github.com/ploi/terraform-provider-ploicloud/internal/provider/secret_resource.go:187.90,193.2 1 0
github.com/ploi/terraform-provider-ploicloud/internal/provider/secret_resource.go:195.100,197.31 1 0
github.com/ploi/terraform-provider-ploicloud/internal/provider/secret_resource.go:197.31,199.3 1 0
github.com/ploi/terraform-provider-ploicloud/internal/provider/secret_resource.go:201.2,205.54 2 0
github.com/ploi/terraform-provider-ploicloud/internal/provider/secret_resource.go:205.54,207.3 1 0
github.com/ploi/terraform-provider-ploicloud/internal/provider/service_resource.go:21.45,23.2 1 1
github.com/ploi/terraform-provider-ploicloud/internal/provider/service_resource.go:45.120,47.2 1 0
github.com/ploi/terraform-provider-ploicloud/internal/provider/service_resource.go:49.114,119.2 1 1
github.com/ploi/terraform-provider-ploicloud/internal/provider/service_resource.go:121.123,122.29 1 0
github.com/ploi/terraform-provider-ploicloud/internal/provider/service_resource.go:122.29,124.3 1 0
github.com/ploi/terraform-provider-ploicloud/internal/provider/service_resource.go:126.2,127.9 2 0
github.com/ploi/terraform-provider-ploicloud/internal/provider/service_resource.go:127.9,133.3 2 0
github.com/ploi/terraform-provider-ploicloud/internal/provider/service_resource.go:135.2,135.19 1 0
github.com/ploi/terraform-provider-ploicloud/internal/provider/service_resource.go:138.114,142.33 3 0
github.com/ploi/terraform-provider-ploicloud/internal/provider/service_resource.go:142.33,144.3 1 0
github.com/ploi/terraform-provider-ploicloud/internal/provider/service_resource.go:146.2,149.16 3 0
github.com/ploi/terraform-provider-ploicloud/internal/provider/service_resource.go:149.16,152.3 2 0
github.com/ploi/terraform-provider-ploicloud/internal/provider/service_resource.go:155.2,158.56 3 0
github.com/ploi/terraform-provider-ploicloud/internal/provider/service_resource.go:161.108,165.33 3 0
github.com/ploi/terraform-provider-ploicloud/internal/provider/service_resource.go:165.33,167.3 1 0
github.com/ploi/terraform-provider-ploicloud/internal/provider/service_resource.go:169.2,170.16 2 0
github.com/ploi/terraform-provider-ploicloud/internal/provider/service_resource.go:170.16,173.3 2 0
github.com/ploi/terraform-provider-ploicloud/internal/provider/service_resource.go:175.2,175.20 1 0
github.com/ploi/terraform-provider-ploicloud/internal/provider/service_resource.go:175.20,178.3 2 0
github.com/ploi/terraform-provider-ploicloud/internal/provider/service_resource.go:180.2,182.56 2 0
github.com/ploi/terraform-provider-ploicloud/internal/provider/service_resource.go:185.114,190.33 4 0
github.com/ploi/terraform-provider-ploicloud/internal/provider/service_resource.go:190.33,192.3 1 0
github.com/ploi/terraform-provider-ploicloud/internal/provider/service_resource.go:194.2,195.33 2 0
github.com/ploi/terraform-provider-ploicloud/internal/provider/service_resource.go:195.33,197.3 1 0
github.com/ploi/terraform-provider-ploicloud/internal/provider/service_resource.go:200.2,207.16 5 0
github.com/ploi/terraform-provider-ploicloud/internal/provider/service_resource.go:207.16,210.3 2 0
github.com/ploi/terraform-provider-ploicloud/internal/provider/service_resource.go:213.2,216.56 3 0
github.com/ploi/terraform-provider-ploicloud/internal/provider/service_resource.go:219.114,223.33 3 0
github.com/ploi/terraform-provider-ploicloud/internal/provider/service_resource.go:223.33,225.3 1 0
github.com/ploi/terraform-provider-ploicloud/internal/provider/service_resource.go:227.2,228.16 2 0
github.com/ploi/terraform-provider-ploicloud/internal/provider/service_resource.go:228.16,231.3 2 0
github.com/ploi/terraform-provider-ploicloud/internal/provider/service_resource.go:234.129,236.21 2 0
github.com/ploi/terraform-provider-ploicloud/internal/provider/service_resource.go:236.21,239.3 2 0
github.com/ploi/terraform-provider-ploicloud/internal/provider/service_resource.go:241.2,242.16 2 0
github.com/ploi/terraform-provider-ploicloud/internal/provider/service_resource.go:242.16,245.3 2 0
github.com/ploi/terraform-provider-ploicloud/internal/provider/service_resource.go:247.2,248.16 2 0
github.com/ploi/terraform-provider-ploicloud/internal/provider/service_resource.go:248.16,251.3 2 0
github.com/ploi/terraform-provider-ploicloud/internal/provider/service_resource.go:253.2,254.86 2 0
github.com/ploi/terraform-provider-ploicloud/internal/provider/service_resource.go:257.93,264.23 2 16
github.com/ploi/terraform-provider-ploicloud/internal/provider/service_resource.go:264.23,266.3 1 5
github.com/ploi/terraform-provider-ploicloud/internal/provider/service_resource.go:268.2,268.58 1 16
github.com/ploi/terraform-provider-ploicloud/internal/provider/service_resource.go:268.58,270.3 1 6
github.com/ploi/terraform-provider-ploicloud/internal/provider/service_resource.go:273.2,273.29 1 16
github.com/ploi/terraform-provider-ploicloud/internal/provider/service_resource.go:273.29,277.3 3 0
github.com/ploi/terraform-provider-ploicloud/internal/provider/service_resource.go:280.2,280.29 1 16
github.com/ploi/terraform-provider-ploicloud/internal/provider/service_resource.go:280.29,282.3 1 0
github.com/ploi/terraform-provider-ploicloud/internal/provider/service_resource.go:284.2,284.70 1 16
github.com/ploi/terraform-provider-ploicloud/internal/provider/service_resource.go:284.70,286.3 1 0
github.com/ploi/terraform-provider-ploicloud/internal/provider/service_resource.go:288.2,288.76 1 16
github.com/ploi/terraform-provider-ploicloud/internal/provider/service_resource.go:288.76,290.3 1 6
github.com/ploi/terraform-provider-ploicloud/internal/provider/service_resource.go:292.2,292.72 1 16
github.com/ploi/terraform-provider-ploicloud/internal/provider/service_resource.go:292.72,294.3 1 6
github.com/ploi/terraform-provider-ploicloud/internal/provider/service_resource.go:297.2,297.31 1 16
github.com/ploi/terraform-provider-ploicloud/internal/provider/service_resource.go:297.31,301.3 3 8
github.com/ploi/terraform-provider-ploicloud/internal/provider/service_resource.go:304.2,304.64 1 16
github.com/ploi/terraform-provider-ploicloud/internal/provider/service_resource.go:304.64,306.3 1 0
github.com/ploi/terraform-provider-ploicloud/internal/provider/service_resource.go:308.2,308.16 1 16
github.com/ploi/terraform-provider-ploicloud/internal/provider/service_resource.go:311.104,317.27 5 3
github.com/ploi/terraform-provider-ploicloud/internal/provider/service_resource.go:317.27,319.3 1 1
github.com/ploi/terraform-provider-ploicloud/internal/provider/service_resource.go:319.8,321.3 1 2
github.com/ploi/terraform-provider-ploicloud/internal/provider/service_resource.go:322.2,331.33 6 3
github.com/ploi/terraform-provider-ploicloud/internal/provider/service_resource.go:331.33,333.42 2 1
github.com/ploi/terraform-provider-ploicloud/internal/provider/service_resource.go:333.42,335.4 1 2
github.com/ploi/terraform-provider-ploicloud/internal/provider/service_resource.go:336.3,336.95 1 1
github.com/ploi/terraform-provider-ploicloud/internal/provider/service_resource.go:337.8,339.3 1 2
github.com/ploi/terraform-provider-ploicloud/internal/provider/service_resource.go:342.2,342.27 1 3
github.com/ploi/terraform-provider-ploicloud/internal/provider/service_resource.go:342.27,344.3 1 0
github.com/ploi/terraform-provider-ploicloud/internal/provider/service_resource.go:344.8,346.3 1 3
github.com/ploi/terraform-provider-ploicloud/internal/provider/service_resource.go:348.2,348.31 1 3
github.com/ploi/terraform-provider-ploicloud/internal/provider/service_resource.go:348.31,350.46 2 0
github.com/ploi/terraform-provider-ploicloud/internal/provider/service_resource.go:350.46,352.4 1 0
github.com/ploi/terraform-provider-ploicloud/internal/provider/service_resource.go:353.3,353.93 1 0
github.com/ploi/terraform-provider-ploicloud/internal/provider/team_data_source.go:15.48,17.2 1 0
github.com/ploi/terraform-provider-ploicloud/internal/provider/team_data_source.go:28.123,30.2 1 0
github.com/ploi/terraform-provider-ploicloud/internal/provider/team_data_source.go:32.117,47.2 1 0
github.com/ploi/terraform-provider-ploicloud/internal/provider/team_data_source.go:49.126,50.29 1 0
github.com/ploi/terraform-provider-ploicloud/internal/provider/team_data_source.go:50.29,52.3 1 0
github.com/ploi/terraform-provider-ploicloud/internal/provider/team_data_source.go:54.2,55.9 2 0
github.com/ploi/terraform-provider-ploicloud/internal/provider/team_data_source.go:55.9,61.3 2 0
github.com/ploi/terraform-provider-ploicloud/internal/provider/team_data_source.go:63.2,63.19 1 0
github.com/ploi/terraform-provider-ploicloud/internal/provider/team_data_source.go:66.111,70.33 3 0
github.com/ploi/terraform-provider-ploicloud/internal/provider/team_data_source.go:70.33,72.3 1 0
github.com/ploi/terraform-provider-ploicloud/internal/provider/team_data_source.go:74.2,76.56 2 0
github.com/ploi/terraform-provider-ploicloud/internal/provider/volume_resource.go:19.44,21.2 1 1
github.com/ploi/terraform-provider-ploicloud/internal/provider/volume_resource.go:37.119,39.2 1 0
github.com/ploi/terraform-provider-ploicloud/internal/provider/volume_resource.go:41.113,77.2 1 1
github.com/ploi/terraform-provider-ploicloud/internal/provider/volume_resource.go:79.122,80.29 1 0
github.com/ploi/terraform-provider-ploicloud/internal/provider/volume_resource.go:80.29,82.3 1 0
github.com/ploi/terraform-provider-ploicloud/internal/provider/volume_resource.go:84.2,85.9 2 0
github.com/ploi/terraform-provider-ploicloud/internal/provider/volume_resource.go:85.9,91.3 2 0
github.com/ploi/terraform-provider-ploicloud/internal/provider/volume_resource.go:93.2,93.19 1 0
github.com/ploi/terraform-provider-ploicloud/internal/provider/volume_resource.go:96.113,100.33 3 0
github.com/ploi/terraform-provider-ploicloud/internal/provider/volume_resource.go:100.33,102.3 1 0
github.com/ploi/terraform-provider-ploicloud/internal/provider/volume_resource.go:105.2,118.3 1 0
github.com/ploi/terraform-provider-ploicloud/internal/provider/volume_resource.go:121.107,125.33 3 0
github.com/ploi/terraform-provider-ploicloud/internal/provider/volume_resource.go:125.33,127.3 1 0
github.com/ploi/terraform-provider-ploicloud/internal/provider/volume_resource.go:129.2,130.16 2 0
github.com/ploi/terraform-provider-ploicloud/internal/provider/volume_resource.go:130.16,133.3 2 0
github.com/ploi/terraform-provider-ploicloud/internal/provider/volume_resource.go:135.2,135.19 1 0
github.com/ploi/terraform-provider-ploicloud/internal/provider/volume_resource.go:135.19,138.3 2 0
github.com/ploi/terraform-provider-ploicloud/internal/provider/volume_resource.go:140.2,142.56 2 0
github.com/ploi/terraform-provider-ploicloud/internal/provider/volume_resource.go:145.113,149.33 3 0
github.com/ploi/terraform-provider-ploicloud/internal/provider/volume_resource.go:149.33,151.3 1 0
github.com/ploi/terraform-provider-ploicloud/internal/provider/volume_resource.go:153.2,156.16 3 0
github.com/ploi/terraform-provider-ploicloud/internal/provider/volume_resource.go:156.16,159.3 2 0
github.com/ploi/terraform-provider-ploicloud/internal/provider/volume_resource.go:161.2,163.56 2 0
github.com/ploi/terraform-provider-ploicloud/internal/provider/volume_resource.go:166.113,170.33 3 0
github.com/ploi/terraform-provider-ploicloud/internal/provider/volume_resource.go:170.33,172.3 1 0
github.com/ploi/terraform-provider-ploicloud/internal/provider/volume_resource.go:174.2,175.16 2 0
github.com/ploi/terraform-provider-ploicloud/internal/provider/volume_resource.go:175.16,178.3 2 0
github.com/ploi/terraform-provider-ploicloud/internal/provider/volume_resource.go:181.128,183.21 2 0
github.com/ploi/terraform-provider-ploicloud/internal/provider/volume_resource.go:183.21,186.3 2 0
github.com/ploi/terraform-provider-ploicloud/internal/provider/volume_resource.go:188.2,189.16 2 0
github.com/ploi/terraform-provider-ploicloud/internal/provider/volume_resource.go:189.16,192.3 2 0
github.com/ploi/terraform-provider-ploicloud/internal/provider/volume_resource.go:194.2,195.16 2 0
github.com/ploi/terraform-provider-ploicloud/internal/provider/volume_resource.go:195.16,198.3 2 0
github.com/ploi/terraform-provider-ploicloud/internal/provider/volume_resource.go:200.2,201.85 2 0
github.com/ploi/terraform-provider-ploicloud/internal/provider/volume_resource.go:204.90,212.23 2 24
github.com/ploi/terraform-provider-ploicloud/internal/provider/volume_resource.go:212.23,214.3 1 18
github.com/ploi/terraform-provider-ploicloud/internal/provider/volume_resource.go:216.2,216.74 1 24
github.com/ploi/terraform-provider-ploicloud/internal/provider/volume_resource.go:216.74,218.3 1 19
github.com/ploi/terraform-provider-ploicloud/internal/provider/volume_resource.go:220.2,220.15 1 24
github.com/ploi/terraform-provider-ploicloud/internal/provider/volume_resource.go:223.100,231.2 7 18
github.com/ploi/terraform-provider-ploicloud/internal/provider/worker_resource.go:21.44,23.2 1 1
github.com/ploi/terraform-provider-ploicloud/internal/provider/worker_resource.go:41.119,43.2 1 0
github.com/ploi/terraform-provider-ploicloud/internal/provider/worker_resource.go:45.113,95.2 1 1
github.com/ploi/terraform-provider-ploicloud/internal/provider/worker_resource.go:97.122,98.29 1 0
github.com/ploi/terraform-provider-ploicloud/internal/provider/worker_resource.go:98.29,100.3 1 0
github.com/ploi/terraform-provider-ploicloud/internal/provider/worker_resource.go:102.2,103.9 2 0
github.com/ploi/terraform-provider-ploicloud/internal/provider/worker_resource.go:103.9,109.3 2 0
github.com/ploi/terraform-provider-ploicloud/internal/provider/worker_resource.go:111.2,111.19 1 0
github.com/ploi/terraform-provider-ploicloud/internal/provider/worker_resource.go:114.113,118.33 3 0
github.com/ploi/terraform-provider-ploicloud/internal/provider/worker_resource.go:118.33,120.3 1 0
github.com/ploi/terraform-provider-ploicloud/internal/provider/worker_resource.go:123.2,151.3 1 0
github.com/ploi/terraform-provider-ploicloud/internal/provider/worker_resource.go:154.107,158.33 3 0
github.com/ploi/terraform-provider-ploicloud/internal/provider/worker_resource.go:158.33,160.3 1 0
github.com/ploi/terraform-provider-ploicloud/internal/provider/worker_resource.go:162.2,163.16 2 0
github.com/ploi/terraform-provider-ploicloud/internal/provider/worker_resource.go:163.16,166.3 2 0
github.com/ploi/terraform-provider-ploicloud/internal/provider/worker_resource.go:168.2,168.19 1 0
github.com/ploi/terraform-provider-ploicloud/internal/provider/worker_resource.go:168.19,171.3 2 0
github.com/ploi/terraform-provider-ploicloud/internal/provider/worker_resource.go:173.2,175.56 2 0
github.com/ploi/terraform-provider-ploicloud/internal/provider/worker_resource.go:178.113,182.33 3 0
github.com/ploi/terraform-provider-ploicloud/internal/provider/worker_resource.go:182.33,184.3 1 0
github.com/ploi/terraform-provider-ploicloud/internal/provider/worker_resource.go:186.2,189.16 3 0
github.com/ploi/terraform-provider-ploicloud/internal/provider/worker_resource.go:189.16,192.3 2 0
github.com/ploi/terraform-provider-ploicloud/internal/provider/worker_resource.go:194.2,196.56 2 0
github.com/ploi/terraform-provider-ploicloud/internal/provider/worker_resource.go:199.113,203.33 3 0
github.com/ploi/terraform-provider-ploicloud/internal/provider/worker_resource.go:203.33,205.3 1 0
github.com/ploi/terraform-provider-ploicloud/internal/provider/worker_resource.go:207.2,208.16 2 0
github.com/ploi/terraform-provider-ploicloud/internal/provider/worker_resource.go:208.16,211.3 2 0
github.com/ploi/terraform-provider-ploicloud/internal/provider/worker_resource.go:214.128,216.21 2 0
github.com/ploi/terraform-provider-ploicloud/internal/provider/worker_resource.go:216.21,219.3 2 0
github.com/ploi/terraform-provider-ploicloud/internal/provider/worker_resource.go:221.2,222.16 2 0
github.com/ploi/terraform-provider-ploicloud/internal/provider/worker_resource.go:222.16,225.3 2 0
github.com/ploi/terraform-provider-ploicloud/internal/provider/worker_resource.go:227.2,228.16 2 0
github.com/ploi/terraform-provider-ploicloud/internal/provider/worker_resource.go:228.16,231.3 2 0
github.com/ploi/terraform-provider-ploicloud/internal/provider/worker_resource.go:233.2,234.85 2 0
github.com/ploi/terraform-provider-ploicloud/internal/provider/worker_resource.go:237.79,245.23 2 25
github.com/ploi/terraform-provider-ploicloud/internal/provider/worker_resource.go:245.23,247.3 1 7
github.com/ploi/terraform-provider-ploicloud/internal/provider/worker_resource.go:249.2,249.58 1 25
github.com/ploi/terraform-provider-ploicloud/internal/provider/worker_resource.go:249.58,251.3 1 20
github.com/ploi/terraform-provider-ploicloud/internal/provider/worker_resource.go:253.2,253.76 1 25
github.com/ploi/terraform-provider-ploicloud/internal/provider/worker_resource.go:253.76,255.3 1 13
github.com/ploi/terraform-provider-ploicloud/internal/provider/worker_resource.go:257.2,257.70 1 25
github.com/ploi/terraform-provider-ploicloud/internal/provider/worker_resource.go:257.70,259.3 1 13
github.com/ploi/terraform-provider-ploicloud/internal/provider/worker_resource.go:261.2,261.15 1 25
github.com/ploi/terraform-provider-ploicloud/internal/provider/worker_resource.go:264.89,274.2 9 4
github.com/ploi/terraform-provider-ploicloud/internal/client/client.go:50.62,52.46 2 52
github.com/ploi/terraform-provider-ploicloud/internal/client/client.go:52.46,54.3 1 30
github.com/ploi/terraform-provider-ploicloud/internal/client/client.go:57.2,69.3 2 52
github.com/ploi/terraform-provider-ploicloud/internal/client/client.go:72.91,74.2 1 25
github.com/ploi/terraform-provider-ploicloud/internal/client/client.go:76.116,80.53 3 39
github.com/ploi/terraform-provider-ploicloud/internal/client/client.go:80.53,83.15 2 59
github.com/ploi/terraform-provider-ploicloud/internal/client/client.go:83.15,85.4 1 2
github.com/ploi/terraform-provider-ploicloud/internal/client/client.go:86.3,86.26 1 57
github.com/ploi/terraform-provider-ploicloud/internal/client/client.go:86.26,88.4 1 1
github.com/ploi/terraform-provider-ploicloud/internal/client/client.go:89.3,89.26 1 56
github.com/ploi/terraform-provider-ploicloud/internal/client/client.go:89.26,91.4 1 2
github.com/ploi/terraform-provider-ploicloud/internal/client/client.go:92.3,92.23 1 54
github.com/ploi/terraform-provider-ploicloud/internal/client/client.go:92.23,94.4 1 2
github.com/ploi/terraform-provider-ploicloud/internal/client/client.go:96.3,103.18 6 52
github.com/ploi/terraform-provider-ploicloud/internal/client/client.go:103.18,105.18 2 22
github.com/ploi/terraform-provider-ploicloud/internal/client/client.go:105.18,108.5 2 0
github.com/ploi/terraform-provider-ploicloud/internal/client/client.go:109.4,109.24 1 22
github.com/ploi/terraform-provider-ploicloud/internal/client/client.go:109.24,111.5 1 0
github.com/ploi/terraform-provider-ploicloud/internal/client/client.go:112.4,113.71 2 22
github.com/ploi/terraform-provider-ploicloud/internal/client/client.go:114.9,116.4 1 30
github.com/ploi/terraform-provider-ploicloud/internal/client/client.go:118.3,118.17 1 52
github.com/ploi/terraform-provider-ploicloud/internal/client/client.go:118.17,121.4 2 0
github.com/ploi/terraform-provider-ploicloud/internal/client/client.go:123.3,123.17 1 52
github.com/ploi/terraform-provider-ploicloud/internal/client/client.go:123.17,126.4 2 0
github.com/ploi/terraform-provider-ploicloud/internal/client/client.go:128.3,133.17 5 52
github.com/ploi/terraform-provider-ploicloud/internal/client/client.go:133.17,137.28 3 0
github.com/ploi/terraform-provider-ploicloud/internal/client/client.go:137.28,141.13 4 0
github.com/ploi/terraform-provider-ploicloud/internal/client/client.go:143.4,143.101 1 0
github.com/ploi/terraform-provider-ploicloud/internal/client/client.go:147.3,148.23 2 52
github.com/ploi/terraform-provider-ploicloud/internal/client/client.go:148.23,151.22 3 52
github.com/ploi/terraform-provider-ploicloud/internal/client/client.go:151.22,155.5 2 52
github.com/ploi/terraform-provider-ploicloud/internal/client/client.go:159.3,160.29 2 52
github.com/ploi/terraform-provider-ploicloud/internal/client/client.go:160.29,162.4 1 37
github.com/ploi/terraform-provider-ploicloud/internal/client/client.go:165.3,165.78 1 52
github.com/ploi/terraform-provider-ploicloud/internal/client/client.go:165.78,170.12 5 20
github.com/ploi/terraform-provider-ploicloud/internal/client/client.go:173.3,174.19 2 32
github.com/ploi/terraform-provider-ploicloud/internal/client/client.go:178.2,178.21 1 0
github.com/ploi/terraform-provider-ploicloud/internal/client/client.go:178.21,180.3 1 0
github.com/ploi/terraform-provider-ploicloud/internal/client/client.go:181.2,181.21 1 0
github.com/ploi/terraform-provider-ploicloud/internal/client/client.go:184.76,186.16 2 4
github.com/ploi/terraform-provider-ploicloud/internal/client/client.go:186.16,188.3 1 0
github.com/ploi/terraform-provider-ploicloud/internal/client/client.go:189.2,191.79 2 4
github.com/ploi/terraform-provider-ploicloud/internal/client/client.go:191.79,193.3 1 2
github.com/ploi/terraform-provider-ploicloud/internal/client/client.go:195.2,196.67 2 2
github.com/ploi/terraform-provider-ploicloud/internal/client/client.go:196.67,198.3 1 0
github.com/ploi/terraform-provider-ploicloud/internal/client/client.go:200.2,200.26 1 2
github.com/ploi/terraform-provider-ploicloud/internal/client/client.go:203.65,205.16 2 0
github.com/ploi/terraform-provider-ploicloud/internal/client/client.go:205.16,207.3 1 0
github.com/ploi/terraform-provider-ploicloud/internal/client/client.go:208.2,210.44 2 0
github.com/ploi/terraform-provider-ploicloud/internal/client/client.go:210.44,212.3 1 0
github.com/ploi/terraform-provider-ploicloud/internal/client/client.go:214.2,214.38 1 0
github.com/ploi/terraform-provider-ploicloud/internal/client/client.go:214.38,216.3 1 0
github.com/ploi/terraform-provider-ploicloud/internal/client/client.go:218.2,219.67 2 0
github.com/ploi/terraform-provider-ploicloud/internal/client/client.go:219.67,221.3 1 0
github.com/ploi/terraform-provider-ploicloud/internal/client/client.go:223.2,223.26 1 0
github.com/ploi/terraform-provider-ploicloud/internal/client/client.go:226.92,228.16 2 1
github.com/ploi/terraform-provider-ploicloud/internal/client/client.go:228.16,230.3 1 0
github.com/ploi/terraform-provider-ploicloud/internal/client/client.go:231.2,233.38 2 1
github.com/ploi/terraform-provider-ploicloud/internal/client/client.go:233.38,235.3 1 1
github.com/ploi/terraform-provider-ploicloud/internal/client/client.go:237.2,238.67 2 0
github.com/ploi/terraform-provider-ploicloud/internal/client/client.go:238.67,240.3 1 0
github.com/ploi/terraform-provider-ploicloud/internal/client/client.go:242.2,242.26 1 0
github.com/ploi/terraform-provider-ploicloud/internal/client/client.go:245.52,247.16 2 1
github.com/ploi/terraform-provider-ploicloud/internal/client/client.go:247.16,249.3 1 0
github.com/ploi/terraform-provider-ploicloud/internal/client/client.go:250.2,252.81 2 1
github.com/ploi/terraform-provider-ploicloud/internal/client/client.go:252.81,254.3 1 1
github.com/ploi/terraform-provider-ploicloud/internal/client/client.go:256.2,256.12 1 0
github.com/ploi/terraform-provider-ploicloud/internal/client/client.go:259.52,261.16 2 0
github.com/ploi/terraform-provider-ploicloud/internal/client/client.go:261.16,263.3 1 0
github.com/ploi/terraform-provider-ploicloud/internal/client/client.go:264.2,266.80 2 0
github.com/ploi/terraform-provider-ploicloud/internal/client/client.go:266.80,268.69 2 0
github.com/ploi/terraform-provider-ploicloud/internal/client/client.go:268.69,270.4 1 0
github.com/ploi/terraform-provider-ploicloud/internal/client/client.go:271.3,271.73 1 0
github.com/ploi/terraform-provider-ploicloud/internal/client/client.go:274.2,274.12 1 0
github.com/ploi/terraform-provider-ploicloud/internal/client/client.go:277.90,279.58 1 8
github.com/ploi/terraform-provider-ploicloud/internal/client/client.go:279.58,281.3 1 3
github.com/ploi/terraform-provider-ploicloud/internal/client/client.go:283.2,284.16 2 5
github.com/ploi/terraform-provider-ploicloud/internal/client/client.go:284.16,286.3 1 0
github.com/ploi/terraform-provider-ploicloud/internal/client/client.go:287.2,289.79 2 5
github.com/ploi/terraform-provider-ploicloud/internal/client/client.go:289.79,291.3 1 3
github.com/ploi/terraform-provider-ploicloud/internal/client/client.go:293.2,294.67 2 2
github.com/ploi/terraform-provider-ploicloud/internal/client/client.go:294.67,296.3 1 0
github.com/ploi/terraform-provider-ploicloud/internal/client/client.go:298.2,298.26 1 2
github.com/ploi/terraform-provider-ploicloud/internal/client/client.go:301.90,305.16 2 0
github.com/ploi/terraform-provider-ploicloud/internal/client/client.go:305.16,307.3 1 0
github.com/ploi/terraform-provider-ploicloud/internal/client/client.go:309.2,309.16 1 0
github.com/ploi/terraform-provider-ploicloud/internal/client/client.go:309.16,311.3 1 0
github.com/ploi/terraform-provider-ploicloud/internal/client/client.go:314.2,314.39 1 0
github.com/ploi/terraform-provider-ploicloud/internal/client/client.go:314.39,315.30 1 0
github.com/ploi/terraform-provider-ploicloud/internal/client/client.go:315.30,319.4 2 0
github.com/ploi/terraform-provider-ploicloud/internal/client/client.go:323.2,323.17 1 0
github.com/ploi/terraform-provider-ploicloud/internal/client/client.go:326.122,328.16 2 0
github.com/ploi/terraform-provider-ploicloud/internal/client/client.go:328.16,330.3 1 0
github.com/ploi/terraform-provider-ploicloud/internal/client/client.go:331.2,333.38 2 0
github.com/ploi/terraform-provider-ploicloud/internal/client/client.go:333.38,335.69 2 0
github.com/ploi/terraform-provider-ploicloud/internal/client/client.go:335.69,337.4 1 0
github.com/ploi/terraform-provider-ploicloud/internal/client/client.go:338.3,338.74 1 0
github.com/ploi/terraform-provider-ploicloud/internal/client/client.go:341.2,342.67 2 0
github.com/ploi/terraform-provider-ploicloud/internal/client/client.go:342.67,344.3 1 0
github.com/ploi/terraform-provider-ploicloud/internal/client/client.go:346.2,346.26 1 0
github.com/ploi/terraform-provider-ploicloud/internal/client/client.go:349.70,351.16 2 0
github.com/ploi/terraform-provider-ploicloud/internal/client/client.go:351.16,353.3 1 0
github.com/ploi/terraform-provider-ploicloud/internal/client/client.go:354.2,356.81 2 0
github.com/ploi/terraform-provider-ploicloud/internal/client/client.go:356.81,358.69 2 0
github.com/ploi/terraform-provider-ploicloud/internal/client/client.go:358.69,360.4 1 0
github.com/ploi/terraform-provider-ploicloud/internal/client/client.go:361.3,361.69 1 0
github.com/ploi/terraform-provider-ploicloud/internal/client/client.go:364.2,364.12 1 0
github.com/ploi/terraform-provider-ploicloud/internal/client/client.go:367.86,369.16 2 0
github.com/ploi/terraform-provider-ploicloud/internal/client/client.go:369.16,371.3 1 0
github.com/ploi/terraform-provider-ploicloud/internal/client/client.go:372.2,374.79 2 0
github.com/ploi/terraform-provider-ploicloud/internal/client/client.go:374.79,376.69 2 0
github.com/ploi/terraform-provider-ploicloud/internal/client/client.go:376.69,378.4 1 0
github.com/ploi/terraform-provider-ploicloud/internal/client/client.go:379.3,379.73 1 0
github.com/ploi/terraform-provider-ploicloud/internal/client/client.go:382.2,383.67 2 0
github.com/ploi/terraform-provider-ploicloud/internal/client/client.go:383.67,385.3 1 0
github.com/ploi/terraform-provider-ploicloud/internal/client/client.go:387.2,387.26 1 0
github.com/ploi/terraform-provider-ploicloud/internal/client/client.go:390.87,392.16 2 0
github.com/ploi/terraform-provider-ploicloud/internal/client/client.go:392.16,394.3 1 0
github.com/ploi/terraform-provider-ploicloud/internal/client/client.go:395.2,397.44 2 0
github.com/ploi/terraform-provider-ploicloud/internal/client/client.go:397.44,399.3 1 0
github.com/ploi/terraform-provider-ploicloud/internal/client/client.go:401.2,401.38 1 0
github.com/ploi/terraform-provider-ploicloud/internal/client/client.go:401.38,403.69 2 0
github.com/ploi/terraform-provider-ploicloud/internal/client/client.go:403.69,405.4 1 0
github.com/ploi/terraform-provider-ploicloud/internal/client/client.go:406.3,406.70 1 0
github.com/ploi/terraform-provider-ploicloud/internal/client/client.go:409.2,410.67 2 0
github.com/ploi/terraform-provider-ploicloud/internal/client/client.go:410.67,412.3 1 0
github.com/ploi/terraform-provider-ploicloud/internal/client/client.go:414.2,414.26 1 0
github.com/ploi/terraform-provider-ploicloud/internal/client/client.go:417.68,419.16 2 0
github.com/ploi/terraform-provider-ploicloud/internal/client/client.go:419.16,421.3 1 0
github.com/ploi/terraform-provider-ploicloud/internal/client/client.go:422.2,424.81 2 0
github.com/ploi/terraform-provider-ploicloud/internal/client/client.go:424.81,426.69 2 0
github.com/ploi/terraform-provider-ploicloud/internal/client/client.go:426.69,428.4 1 0
github.com/ploi/terraform-provider-ploicloud/internal/client/client.go:429.3,429.68 1 0
github.com/ploi/terraform-provider-ploicloud/internal/client/client.go:432.2,432.12 1 0
github.com/ploi/terraform-provider-ploicloud/internal/client/client.go:435.86,437.16 2 0
github.com/ploi/terraform-provider-ploicloud/internal/client/client.go:437.16,439.3 1 0
github.com/ploi/terraform-provider-ploicloud/internal/client/client.go:440.2,442.79 2 0
github.com/ploi/terraform-provider-ploicloud/internal/client/client.go:442.79,444.69 2 0
github.com/ploi/terraform-provider-ploicloud/internal/client/client.go:444.69,446.4 1 0
github.com/ploi/terraform-provider-ploicloud/internal/client/client.go:447.3,447.73 1 0
github.com/ploi/terraform-provider-ploicloud/internal/client/client.go:450.2,451.67 2 0
github.com/ploi/terraform-provider-ploicloud/internal/client/client.go:451.67,453.3 1 0
github.com/ploi/terraform-provider-ploicloud/internal/client/client.go:455.2,455.26 1 0
github.com/ploi/terraform-provider-ploicloud/internal/client/client.go:458.89,461.16 2 0
github.com/ploi/terraform-provider-ploicloud/internal/client/client.go:461.16,463.3 1 0
github.com/ploi/terraform-provider-ploicloud/internal/client/client.go:464.2,466.44 2 0
github.com/ploi/terraform-provider-ploicloud/internal/client/client.go:466.44,468.3 1 0
github.com/ploi/terraform-provider-ploicloud/internal/client/client.go:470.2,470.38 1 0
github.com/ploi/terraform-provider-ploicloud/internal/client/client.go:470.38,472.69 2 0
github.com/ploi/terraform-provider-ploicloud/internal/client/client.go:472.69,474.4 1 0
github.com/ploi/terraform-provider-ploicloud/internal/client/client.go:475.3,475.71 1 0
github.com/ploi/terraform-provider-ploicloud/internal/client/client.go:478.2,479.67 2 0
github.com/ploi/terraform-provider-ploicloud/internal/client/client.go:479.67,481.3 1 0
github.com/ploi/terraform-provider-ploicloud/internal/client/client.go:484.2,484.37 1 0
github.com/ploi/terraform-provider-ploicloud/internal/client/client.go:484.37,485.24 1 0
github.com/ploi/terraform-provider-ploicloud/internal/client/client.go:485.24,487.4 1 0
github.com/ploi/terraform-provider-ploicloud/internal/client/client.go:490.2,490.17 1 0
github.com/ploi/terraform-provider-ploicloud/internal/client/client.go:493.119,495.16 2 0
github.com/ploi/terraform-provider-ploicloud/internal/client/client.go:495.16,497.3 1 0
github.com/ploi/terraform-provider-ploicloud/internal/client/client.go:498.2,500.38 2 0
github.com/ploi/terraform-provider-ploicloud/internal/client/client.go:500.38,502.69 2 0
github.com/ploi/terraform-provider-ploicloud/internal/client/client.go:502.69,504.4 1 0
github.com/ploi/terraform-provider-ploicloud/internal/client/client.go:505.3,505.73 1 0
github.com/ploi/terraform-provider-ploicloud/internal/client/client.go:508.2,509.67 2 0
github.com/ploi/terraform-provider-ploicloud/internal/client/client.go:509.67,511.3 1 0
github.com/ploi/terraform-provider-ploicloud/internal/client/client.go:513.2,513.26 1 0
github.com/ploi/terraform-provider-ploicloud/internal/client/client.go:516.70,518.16 2 0
github.com/ploi/terraform-provider-ploicloud/internal/client/client.go:518.16,520.3 1 0
github.com/ploi/terraform-provider-ploicloud/internal/client/client.go:521.2,523.81 2 0
github.com/ploi/terraform-provider-ploicloud/internal/client/client.go:523.81,525.69 2 0
github.com/ploi/terraform-provider-ploicloud/internal/client/client.go:525.69,527.4 1 0
github.com/ploi/terraform-provider-ploicloud/internal/client/client.go:528.3,528.68 1 0
github.com/ploi/terraform-provider-ploicloud/internal/client/client.go:531.2,531.12 1 0
github.com/ploi/terraform-provider-ploicloud/internal/client/client.go:534.86,536.16 2 2
github.com/ploi/terraform-provider-ploicloud/internal/client/client.go:536.16,538.3 1 0
github.com/ploi/terraform-provider-ploicloud/internal/client/client.go:539.2,541.79 2 2
github.com/ploi/terraform-provider-ploicloud/internal/client/client.go:541.79,543.69 2 2
github.com/ploi/terraform-provider-ploicloud/internal/client/client.go:543.69,545.4 1 0
github.com/ploi/terraform-provider-ploicloud/internal/client/client.go:546.3,546.73 1 2
github.com/ploi/terraform-provider-ploicloud/internal/client/client.go:549.2,550.67 2 0
github.com/ploi/terraform-provider-ploicloud/internal/client/client.go:550.67,552.3 1 0
github.com/ploi/terraform-provider-ploicloud/internal/client/client.go:554.2,554.26 1 0
github.com/ploi/terraform-provider-ploicloud/internal/client/client.go:557.87,559.16 2 2
github.com/ploi/terraform-provider-ploicloud/internal/client/client.go:559.16,561.3 1 0
github.com/ploi/terraform-provider-ploicloud/internal/client/client.go:562.2,564.44 2 2
github.com/ploi/terraform-provider-ploicloud/internal/client/client.go:564.44,566.3 1 0
github.com/ploi/terraform-provider-ploicloud/internal/client/client.go:568.2,568.38 1 2
github.com/ploi/terraform-provider-ploicloud/internal/client/client.go:568.38,570.69 2 0
github.com/ploi/terraform-provider-ploicloud/internal/client/client.go:570.69,572.4 1 0
github.com/ploi/terraform-provider-ploicloud/internal/client/client.go:573.3,573.70 1 0
github.com/ploi/terraform-provider-ploicloud/internal/client/client.go:576.2,577.67 2 2
github.com/ploi/terraform-provider-ploicloud/internal/client/client.go:577.67,579.3 1 0
github.com/ploi/terraform-provider-ploicloud/internal/client/client.go:581.2,581.26 1 2
github.com/ploi/terraform-provider-ploicloud/internal/client/client.go:584.117,586.16 2 2
github.com/ploi/terraform-provider-ploicloud/internal/client/client.go:586.16,588.3 1 0
github.com/ploi/terraform-provider-ploicloud/internal/client/client.go:589.2,591.38 2 2
github.com/ploi/terraform-provider-ploicloud/internal/client/client.go:591.38,593.69 2 0
github.com/ploi/terraform-provider-ploicloud/internal/client/client.go:593.69,595.4 1 0
github.com/ploi/terraform-provider-ploicloud/internal/client/client.go:596.3,596.73 1 0
github.com/ploi/terraform-provider-ploicloud/internal/client/client.go:599.2,600.67 2 2
github.com/ploi/terraform-provider-ploicloud/internal/client/client.go:600.67,602.3 1 0
github.com/ploi/terraform-provider-ploicloud/internal/client/client.go:604.2,604.26 1 2
github.com/ploi/terraform-provider-ploicloud/internal/client/client.go:607.68,609.16 2 0
github.com/ploi/terraform-provider-ploicloud/internal/client/client.go:609.16,611.3 1 0
github.com/ploi/terraform-provider-ploicloud/internal/client/client.go:612.2,614.81 2 0
github.com/ploi/terraform-provider-ploicloud/internal/client/client.go:614.81,616.69 2 0
github.com/ploi/terraform-provider-ploicloud/internal/client/client.go:616.69,618.4 1 0
github.com/ploi/terraform-provider-ploicloud/internal/client/client.go:619.3,619.68 1 0
github.com/ploi/terraform-provider-ploicloud/internal/client/client.go:622.2,622.12 1 0
github.com/ploi/terraform-provider-ploicloud/internal/client/client.go:625.64,627.16 2 2
github.com/ploi/terraform-provider-ploicloud/internal/client/client.go:627.16,629.3 1 0
github.com/ploi/terraform-provider-ploicloud/internal/client/client.go:630.2,632.79 2 2
github.com/ploi/terraform-provider-ploicloud/internal/client/client.go:632.79,634.69 2 2
github.com/ploi/terraform-provider-ploicloud/internal/client/client.go:634.69,636.4 1 0
github.com/ploi/terraform-provider-ploicloud/internal/client/client.go:637.3,637.73 1 2
github.com/ploi/terraform-provider-ploicloud/internal/client/client.go:640.2,641.67 2 0
github.com/ploi/terraform-provider-ploicloud/internal/client/client.go:641.67,643.3 1 0
github.com/ploi/terraform-provider-ploicloud/internal/client/client.go:645.2,645.26 1 0
github.com/ploi/terraform-provider-ploicloud/internal/client/client.go:648.76,650.16 2 0
github.com/ploi/terraform-provider-ploicloud/internal/client/client.go:650.16,652.3 1 0
github.com/ploi/terraform-provider-ploicloud/internal/client/client.go:653.2,655.44 2 0
github.com/ploi/terraform-provider-ploicloud/internal/client/client.go:655.44,657.3 1 0
github.com/ploi/terraform-provider-ploicloud/internal/client/client.go:659.2,659.38 1 0
github.com/ploi/terraform-provider-ploicloud/internal/client/client.go:659.38,661.69 2 0
github.com/ploi/terraform-provider-ploicloud/internal/client/client.go:661.69,663.4 1 0
github.com/ploi/terraform-provider-ploicloud/internal/client/client.go:664.3,664.70 1 0
github.com/ploi/terraform-provider-ploicloud/internal/client/client.go:667.2,668.67 2 0
github.com/ploi/terraform-provider-ploicloud/internal/client/client.go:668.67,670.3 1 0
github.com/ploi/terraform-provider-ploicloud/internal/client/client.go:672.2,672.26 1 0
github.com/ploi/terraform-provider-ploicloud/internal/client/client.go:675.95,677.16 2 1
github.com/ploi/terraform-provider-ploicloud/internal/client/client.go:677.16,679.3 1 0
github.com/ploi/terraform-provider-ploicloud/internal/client/client.go:680.2,682.38 2 1
github.com/ploi/terraform-provider-ploicloud/internal/client/client.go:682.38,684.69 2 1
github.com/ploi/terraform-provider-ploicloud/internal/client/client.go:684.69,686.4 1 0
github.com/ploi/terraform-provider-ploicloud/internal/client/client.go:687.3,687.73 1 1
github.com/ploi/terraform-provider-ploicloud/internal/client/client.go:690.2,691.67 2 0
github.com/ploi/terraform-provider-ploicloud/internal/client/client.go:691.67,693.3 1 0
github.com/ploi/terraform-provider-ploicloud/internal/client/client.go:695.2,695.26 1 0
github.com/ploi/terraform-provider-ploicloud/internal/client/client.go:698.68,700.16 2 1
github.com/ploi/terraform-provider-ploicloud/internal/client/client.go:700.16,702.3 1 0
github.com/ploi/terraform-provider-ploicloud/internal/client/client.go:703.2,705.81 2 1
github.com/ploi/terraform-provider-ploicloud/internal/client/client.go:705.81,707.69 2 1
github.com/ploi/terraform-provider-ploicloud/internal/client/client.go:707.69,709.4 1 0
github.com/ploi/terraform-provider-ploicloud/internal/client/client.go:710.3,710.68 1 1
github.com/ploi/terraform-provider-ploicloud/internal/client/client.go:713.2,713.12 1 0
github.com/ploi/terraform-provider-ploicloud/internal/client/client.go:717.133,718.23 1 62
github.com/ploi/terraform-provider-ploicloud/internal/client/client.go:718.23,720.3 1 56
github.com/ploi/terraform-provider-ploicloud/internal/client/client.go:723.2,734.20 2 6
github.com/ploi/terraform-provider-ploicloud/internal/client/client.go:734.20,737.24 2 6
github.com/ploi/terraform-provider-ploicloud/internal/client/client.go:737.24,739.4 1 6
github.com/ploi/terraform-provider-ploicloud/internal/client/client.go:740.3,740.21 1 6
github.com/ploi/terraform-provider-ploicloud/internal/client/client.go:740.21,742.26 2 6
github.com/ploi/terraform-provider-ploicloud/internal/client/client.go:742.26,744.5 1 6
github.com/ploi/terraform-provider-ploicloud/internal/client/client.go:746.3,746.21 1 6
github.com/ploi/terraform-provider-ploicloud/internal/client/client.go:746.21,748.4 1 3
github.com/ploi/terraform-provider-ploicloud/internal/client/client.go:749.3,749.47 1 6
github.com/ploi/terraform-provider-ploicloud/internal/client/client.go:750.8,752.21 1 0
github.com/ploi/terraform-provider-ploicloud/internal/client/client.go:752.21,754.4 1 0
github.com/ploi/terraform-provider-ploicloud/internal/client/client.go:754.9,756.4 1 0
github.com/ploi/terraform-provider-ploicloud/internal/client/client.go:761.53,762.21 1 5
github.com/ploi/terraform-provider-ploicloud/internal/client/client.go:762.21,764.3 1 3
github.com/ploi/terraform-provider-ploicloud/internal/client/client.go:765.2,765.49 1 2
github.com/ploi/terraform-provider-ploicloud/internal/client/client.go:769.49,771.32 1 15
github.com/ploi/terraform-provider-ploicloud/internal/client/client.go:771.32,774.3 2 4
github.com/ploi/terraform-provider-ploicloud/internal/client/client.go:775.2,775.12 1 11
github.com/ploi/terraform-provider-ploicloud/internal/client/client.go:779.51,783.2 1 25
github.com/ploi/terraform-provider-ploicloud/internal/client/client.go:786.83,788.68 2 16
github.com/ploi/terraform-provider-ploicloud/internal/client/client.go:788.68,790.3 1 1
github.com/ploi/terraform-provider-ploicloud/internal/client/client.go:792.2,799.29 2 15
github.com/ploi/terraform-provider-ploicloud/internal/client/client.go:799.29,801.44 2 7
github.com/ploi/terraform-provider-ploicloud/internal/client/client.go:801.44,802.29 1 15
github.com/ploi/terraform-provider-ploicloud/internal/client/client.go:803.16,804.44 1 2
github.com/ploi/terraform-provider-ploicloud/internal/client/client.go:805.23,807.27 2 12
github.com/ploi/terraform-provider-ploicloud/internal/client/client.go:807.27,808.37 1 13
github.com/ploi/terraform-provider-ploicloud/internal/client/client.go:808.37,810.7 1 13
github.com/ploi/terraform-provider-ploicloud/internal/client/client.go:810.12,812.7 1 0
github.com/ploi/terraform-provider-ploicloud/internal/client/client.go:814.5,814.41 1 12
github.com/ploi/terraform-provider-ploicloud/internal/client/client.go:815.18,816.34 1 0
github.com/ploi/terraform-provider-ploicloud/internal/client/client.go:817.12,818.63 1 1
github.com/ploi/terraform-provider-ploicloud/internal/client/client.go:824.2,824.25 1 15
github.com/ploi/terraform-provider-ploicloud/internal/client/client.go:825.11,826.89 1 8
github.com/ploi/terraform-provider-ploicloud/internal/client/client.go:827.11,828.82 1 2
github.com/ploi/terraform-provider-ploicloud/internal/client/client.go:829.11,830.97 1 2
github.com/ploi/terraform-provider-ploicloud/internal/client/client.go:831.11,832.96 1 1
github.com/ploi/terraform-provider-ploicloud/internal/client/client.go:833.26,834.98 1 2
github.com/ploi/terraform-provider-ploicloud/internal/client/client.go:837.2,838.80 1 15
github.com/ploi/terraform-provider-ploicloud/internal/client/client.go:842.100,843.22 1 15
github.com/ploi/terraform-provider-ploicloud/internal/client/client.go:843.22,845.3 1 2
github.com/ploi/terraform-provider-ploicloud/internal/client/client.go:847.2,849.38 2 13
github.com/ploi/terraform-provider-ploicloud/internal/client/client.go:849.38,850.16 1 22
github.com/ploi/terraform-provider-ploicloud/internal/client/client.go:851.15,852.134 1 6
github.com/ploi/terraform-provider-ploicloud/internal/client/client.go:853.18,854.106 1 3
github.com/ploi/terraform-provider-ploicloud/internal/client/client.go:855.23,856.104 1 5
github.com/ploi/terraform-provider-ploicloud/internal/client/client.go:857.25,858.107 1 4
github.com/ploi/terraform-provider-ploicloud/internal/client/client.go:859.22,860.105 1 2
github.com/ploi/terraform-provider-ploicloud/internal/client/client.go:861.11,862.105 1 2
github.com/ploi/terraform-provider-ploicloud/internal/client/client.go:866.2,866.26 1 13
github.com/ploi/terraform-provider-ploicloud/internal/client/client.go:866.26,868.3 1 13
github.com/ploi/terraform-provider-ploicloud/internal/client/client.go:870.2,870.75 1 0
github.com/ploi/terraform-provider-ploicloud/internal/client/client.go:874.76,875.20 1 27
github.com/ploi/terraform-provider-ploicloud/internal/client/client.go:875.20,877.3 1 2
github.com/ploi/terraform-provider-ploicloud/internal/client/client.go:879.2,879.32 1 25
github.com/ploi/terraform-provider-ploicloud/internal/client/client.go:879.32,881.3 1 3
github.com/ploi/terraform-provider-ploicloud/internal/client/client.go:883.2,883.24 1 22
github.com/ploi/terraform-provider-ploicloud/internal/client/client.go:883.24,885.3 1 2
github.com/ploi/terraform-provider-ploicloud/internal/client/client.go:888.2,900.31 2 20
github.com/ploi/terraform-provider-ploicloud/internal/client/client.go:900.31,902.3 1 3
github.com/ploi/terraform-provider-ploicloud/internal/client/client.go:905.2,905.55 1 17
github.com/ploi/terraform-provider-ploicloud/internal/client/client.go:905.55,907.3 1 3
github.com/ploi/terraform-provider-ploicloud/internal/client/client.go:910.2,910.102 1 14
github.com/ploi/terraform-provider-ploicloud/internal/client/client.go:910.102,912.3 1 3
github.com/ploi/terraform-provider-ploicloud/internal/client/client.go:914.2,914.69 1 11
github.com/ploi/terraform-provider-ploicloud/internal/client/client.go:914.69,916.3 1 2
github.com/ploi/terraform-provider-ploicloud/internal/client/client.go:918.2,918.104 1 9
github.com/ploi/terraform-provider-ploicloud/internal/client/client.go:918.104,920.3 1 1
github.com/ploi/terraform-provider-ploicloud/internal/client/client.go:922.2,922.12 1 8
github.com/ploi/terraform-provider-ploicloud/internal/client/client.go:926.65,927.16 1 21
github.com/ploi/terraform-provider-ploicloud/internal/client/client.go:927.16,929.3 1 1
github.com/ploi/terraform-provider-ploicloud/internal/client/client.go:931.2,931.34 1 20
github.com/ploi/terraform-provider-ploicloud/internal/client/client.go:931.34,932.36 1 36
github.com/ploi/terraform-provider-ploicloud/internal/client/client.go:932.36,934.64 2 14
github.com/ploi/terraform-provider-ploicloud/internal/client/client.go:934.64,936.5 1 13
github.com/ploi/terraform-provider-ploicloud/internal/client/client.go:939.2,939.14 1 7
github.com/ploi/terraform-provider-ploicloud/internal/client/client.go:943.39,944.16 1 15
github.com/ploi/terraform-provider-ploicloud/internal/client/client.go:944.16,946.3 1 1
github.com/ploi/terraform-provider-ploicloud/internal/client/client.go:949.2,949.34 1 14
github.com/ploi/terraform-provider-ploicloud/internal/client/client.go:949.34,951.65 2 8
github.com/ploi/terraform-provider-ploicloud/internal/client/client.go:951.65,953.4 1 7
github.com/ploi/terraform-provider-ploicloud/internal/client/client.go:957.2,957.56 1 7
github.com/ploi/terraform-provider-ploicloud/internal/client/client.go:957.56,959.3 1 3
github.com/ploi/terraform-provider-ploicloud/internal/client/client.go:961.2,961.14 1 4
github.com/ploi/terraform-provider-ploicloud/internal/client/models.go:66.62,69.49 2 5
github.com/ploi/terraform-provider-ploicloud/internal/client/models.go:69.49,72.3 2 4
github.com/ploi/terraform-provider-ploicloud/internal/client/models.go:75.2,76.51 2 1
github.com/ploi/terraform-provider-ploicloud/internal/client/models.go:76.51,80.3 2 1
github.com/ploi/terraform-provider-ploicloud/internal/client/models.go:83.2,84.12 2 0
github.com/ploi/terraform-provider-ploicloud/internal/client/models.go:87.58,89.2 1 1
github.com/ploi/terraform-provider-ploicloud/internal/client/models.go:92.54,94.2 1 2
github.com/ploi/terraform-provider-ploicloud/internal/client/models.go:96.68,98.2 1 1
